1658367970453	geckodriver	INFO	Listening on 127.0.0.1:53407
1658367971337	mozrunner::runner	INFO	Running command: "/Applications/Firefox.app/Contents/MacOS/firefox-bin" "--marionette" "-foreground" "-no-remote" "-profile" "/var/folders/dn/g3s1hjws5qngp2zd7mdyhrc00000gp/T/rust_mozprofileYqWcSI"
1658367973743	Marionette	INFO	Marionette enabled
1658367973799	Marionette	INFO	Listening on port 53423
2022-07-21 09:46:13.798 plugin-container[5192:73941] nil host used in call to allowsSpecificHTTPSCertificateForHost
2022-07-21 09:46:13.799 plugin-container[5192:73941] nil host used in call to allowsAnyHTTPSCertificateForHost:
Read port: 53423
2022-07-21 09:46:13.823 plugin-container[5192:73941] nil host used in call to allowsSpecificHTTPSCertificateForHost
2022-07-21 09:46:13.823 plugin-container[5192:73941] nil host used in call to allowsAnyHTTPSCertificateForHost:
2022-07-21 09:46:13.823 plugin-container[5192:73939] nil host used in call to allowsSpecificHTTPSCertificateForHost
2022-07-21 09:46:13.823 plugin-container[5192:73939] nil host used in call to allowsAnyHTTPSCertificateForHost:
1658367974117	RemoteAgent	WARN	TLS certificate errors will be ignored for this session
console.warn: SearchSettings: "get: No settings file exists, new profile?" (new NotFoundError("Could not open the file at /var/folders/dn/g3s1hjws5qngp2zd7mdyhrc00000gp/T/rust_mozprofileYqWcSI/search.json.mozlz4", (void 0)))
console.warn: LoginRecipes: "getRecipes: falling back to a synchronous message for:" "https://www.google.com"
console.warn: LoginRecipes: "getRecipes: falling back to a synchronous message for:" "https://www.google.com"
JavaScript error: , line 0: NotFoundError: No such JSWindowActor 'DevToolsFrame'
console.warn: LoginRecipes: "getRecipes: falling back to a synchronous message for:" "https://www.google.com"
console.warn: LoginRecipes: "getRecipes: falling back to a synchronous message for:" "https://www.google.com"
JavaScript error: https://outlook.live.com/mail/0/inbox/id/AQMkADAwATNiZmYAZC1jZjU5LTQ2YWYtMDACLTAwCgBGAAADyDY0fb5Q7EaJwVlaL89JgwcAUzfAaJ6lmU%2BH8%2FJabkqk2gAAAgEMAAAAUzfAaJ6lmU%2BH8%2FJabkqk2gAFVdemXwAAAA%3D%3D, line 300: Error: 440
JavaScript error: https://outlook.live.com/mail/0/inbox/id/AQMkADAwATNiZmYAZC1jZjU5LTQ2YWYtMDACLTAwCgBGAAADyDY0fb5Q7EaJwVlaL89JgwcAUzfAaJ6lmU%2BH8%2FJabkqk2gAAAgEMAAAAUzfAaJ6lmU%2BH8%2FJabkqk2gAFVdemXwAAAA%3D%3D, line 300: Error: 440
1658368606300	Marionette	INFO	Stopped listening on port 53423
console.warn: TopSitesFeed: Failed to fetch data from Contile server: NetworkError when attempting to fetch resource.
JavaScript error: chrome://remote/content/marionette/cert.js, line 55: NS_ERROR_NOT_AVAILABLE: Component returned failure code: 0x80040111 (NS_ERROR_NOT_AVAILABLE) [nsICertOverrideService.setDisableAllSecurityChecksAndLetAttackersInterceptMyData]
1658369609435	geckodriver	INFO	Listening on 127.0.0.1:56377
1658369609464	mozrunner::runner	INFO	Running command: "/Applications/Firefox.app/Contents/MacOS/firefox-bin" "--marionette" "-foreground" "-no-remote" "-profile" "/var/folders/dn/g3s1hjws5qngp2zd7mdyhrc00000gp/T/rust_mozprofilemGSCur"
1658369610226	Marionette	INFO	Marionette enabled
2022-07-21 10:13:30.264 plugin-container[6528:102652] nil host used in call to allowsSpecificHTTPSCertificateForHost
2022-07-21 10:13:30.265 plugin-container[6528:102652] nil host used in call to allowsAnyHTTPSCertificateForHost:
2022-07-21 10:13:30.271 plugin-container[6528:102652] nil host used in call to allowsSpecificHTTPSCertificateForHost
2022-07-21 10:13:30.271 plugin-container[6528:102652] nil host used in call to allowsAnyHTTPSCertificateForHost:
2022-07-21 10:13:30.271 plugin-container[6528:102679] nil host used in call to allowsSpecificHTTPSCertificateForHost
2022-07-21 10:13:30.271 plugin-container[6528:102679] nil host used in call to allowsAnyHTTPSCertificateForHost:
1658369610290	Marionette	INFO	Listening on port 56386
Read port: 56386
1658369611059	RemoteAgent	WARN	TLS certificate errors will be ignored for this session
console.warn: SearchSettings: "get: No settings file exists, new profile?" (new NotFoundError("Could not open the file at /var/folders/dn/g3s1hjws5qngp2zd7mdyhrc00000gp/T/rust_mozprofilemGSCur/search.json.mozlz4", (void 0)))
console.warn: LoginRecipes: "getRecipes: falling back to a synchronous message for:" "https://www.google.com"
console.error: (new TypeError("topBrowsingContext is null", "resource://devtools/server/actors/watcher/browsing-context-helpers.jsm", 393))
1658369705017	geckodriver	INFO	Listening on 127.0.0.1:56528
1658369706038	mozrunner::runner	INFO	Running command: "/Applications/Firefox.app/Contents/MacOS/firefox-bin" "--marionette" "-foreground" "-no-remote" "-profile" "/var/folders/dn/g3s1hjws5qngp2zd7mdyhrc00000gp/T/rust_mozprofileXSd6sz"
1658369706645	Marionette	INFO	Marionette enabled
2022-07-21 10:15:06.671 plugin-container[7042:105729] nil host used in call to allowsSpecificHTTPSCertificateForHost
2022-07-21 10:15:06.672 plugin-container[7042:105729] nil host used in call to allowsAnyHTTPSCertificateForHost:
2022-07-21 10:15:06.716 plugin-container[7042:105729] nil host used in call to allowsSpecificHTTPSCertificateForHost
2022-07-21 10:15:06.716 plugin-container[7042:105729] nil host used in call to allowsAnyHTTPSCertificateForHost:
2022-07-21 10:15:06.716 plugin-container[7042:105727] nil host used in call to allowsSpecificHTTPSCertificateForHost
2022-07-21 10:15:06.716 plugin-container[7042:105727] nil host used in call to allowsAnyHTTPSCertificateForHost:
1658369706726	Marionette	INFO	Listening on port 56537
Read port: 56537
1658369707126	RemoteAgent	WARN	TLS certificate errors will be ignored for this session
console.warn: SearchSettings: "get: No settings file exists, new profile?" (new NotFoundError("Could not open the file at /var/folders/dn/g3s1hjws5qngp2zd7mdyhrc00000gp/T/rust_mozprofileXSd6sz/search.json.mozlz4", (void 0)))
1658369711933	Marionette	INFO	Stopped listening on port 56386
JavaScript error: chrome://remote/content/marionette/cert.js, line 55: NS_ERROR_NOT_AVAILABLE: Component returned failure code: 0x80040111 (NS_ERROR_NOT_AVAILABLE) [nsICertOverrideService.setDisableAllSecurityChecksAndLetAttackersInterceptMyData]
1658369763068	geckodriver	INFO	Listening on 127.0.0.1:56643
1658369764077	mozrunner::runner	INFO	Running command: "/Applications/Firefox.app/Contents/MacOS/firefox-bin" "--marionette" "-foreground" "-no-remote" "-profile" "/var/folders/dn/g3s1hjws5qngp2zd7mdyhrc00000gp/T/rust_mozprofileX5NapB"
1658369764728	Marionette	INFO	Marionette enabled
2022-07-21 10:16:04.731 plugin-container[7057:106732] nil host used in call to allowsSpecificHTTPSCertificateForHost
2022-07-21 10:16:04.732 plugin-container[7057:106732] nil host used in call to allowsAnyHTTPSCertificateForHost:
2022-07-21 10:16:04.738 plugin-container[7057:106732] nil host used in call to allowsSpecificHTTPSCertificateForHost
2022-07-21 10:16:04.738 plugin-container[7057:106732] nil host used in call to allowsAnyHTTPSCertificateForHost:
2022-07-21 10:16:04.738 plugin-container[7057:106756] nil host used in call to allowsSpecificHTTPSCertificateForHost
2022-07-21 10:16:04.738 plugin-container[7057:106756] nil host used in call to allowsAnyHTTPSCertificateForHost:
1658369764774	Marionette	INFO	Listening on port 56651
Read port: 56651
1658369765124	RemoteAgent	WARN	TLS certificate errors will be ignored for this session
console.warn: SearchSettings: "get: No settings file exists, new profile?" (new NotFoundError("Could not open the file at /var/folders/dn/g3s1hjws5qngp2zd7mdyhrc00000gp/T/rust_mozprofileX5NapB/search.json.mozlz4", (void 0)))
1658369769849	Marionette	INFO	Stopped listening on port 56537
JavaScript error: , line 0: NotFoundError: No such JSWindowActor 'DevToolsFrame'
JavaScript error: chrome://remote/content/marionette/cert.js, line 55: NS_ERROR_NOT_AVAILABLE: Component returned failure code: 0x80040111 (NS_ERROR_NOT_AVAILABLE) [nsICertOverrideService.setDisableAllSecurityChecksAndLetAttackersInterceptMyData]
console.warn: LoginRecipes: "getRecipes: falling back to a synchronous message for:" "https://www.google.com"
1658370086082	Marionette	INFO	Stopped listening on port 56651
JavaScript error: , line 0: NotFoundError: No such JSWindowActor 'DevToolsFrame'
JavaScript error: , line 0: NotFoundError: No such JSWindowActor 'DevToolsFrame'
JavaScript error: chrome://remote/content/marionette/cert.js, line 55: NS_ERROR_NOT_AVAILABLE: Component returned failure code: 0x80040111 (NS_ERROR_NOT_AVAILABLE) [nsICertOverrideService.setDisableAllSecurityChecksAndLetAttackersInterceptMyData]
1658370095170	geckodriver	INFO	Listening on 127.0.0.1:56969
1658370095182	mozrunner::runner	INFO	Running command: "/Applications/Firefox.app/Contents/MacOS/firefox-bin" "--marionette" "-foreground" "-no-remote" "-profile" "/var/folders/dn/g3s1hjws5qngp2zd7mdyhrc00000gp/T/rust_mozprofileJRqoKm"
1658370095685	Marionette	INFO	Marionette enabled
2022-07-21 10:21:35.686 plugin-container[7089:110799] nil host used in call to allowsSpecificHTTPSCertificateForHost
2022-07-21 10:21:35.687 plugin-container[7089:110799] nil host used in call to allowsAnyHTTPSCertificateForHost:
1658370095736	Marionette	INFO	Listening on port 56974
2022-07-21 10:21:35.737 plugin-container[7089:110799] nil host used in call to allowsSpecificHTTPSCertificateForHost
2022-07-21 10:21:35.737 plugin-container[7089:110799] nil host used in call to allowsAnyHTTPSCertificateForHost:
2022-07-21 10:21:35.738 plugin-container[7089:110797] nil host used in call to allowsSpecificHTTPSCertificateForHost
2022-07-21 10:21:35.738 plugin-container[7089:110797] nil host used in call to allowsAnyHTTPSCertificateForHost:
Read port: 56974
1658370096117	RemoteAgent	WARN	TLS certificate errors will be ignored for this session
console.warn: SearchSettings: "get: No settings file exists, new profile?" (new NotFoundError("Could not open the file at /var/folders/dn/g3s1hjws5qngp2zd7mdyhrc00000gp/T/rust_mozprofileJRqoKm/search.json.mozlz4", (void 0)))
console.warn: LoginRecipes: "getRecipes: falling back to a synchronous message for:" "https://www.google.com"
1658370294775	Marionette	INFO	Stopped listening on port 56974
JavaScript error: , line 0: NotFoundError: No such JSWindowActor 'DevToolsFrame'
JavaScript error: , line 0: NotFoundError: No such JSWindowActor 'DevToolsFrame'
JavaScript error: chrome://remote/content/marionette/cert.js, line 55: NS_ERROR_NOT_AVAILABLE: Component returned failure code: 0x80040111 (NS_ERROR_NOT_AVAILABLE) [nsICertOverrideService.setDisableAllSecurityChecksAndLetAttackersInterceptMyData]
1658370301042	geckodriver	INFO	Listening on 127.0.0.1:57310
1658370301055	mozrunner::runner	INFO	Running command: "/Applications/Firefox.app/Contents/MacOS/firefox-bin" "--marionette" "-foreground" "-no-remote" "-profile" "/var/folders/dn/g3s1hjws5qngp2zd7mdyhrc00000gp/T/rust_mozprofile1SD89D"
1658370301628	Marionette	INFO	Marionette enabled
2022-07-21 10:25:01.641 plugin-container[7137:113737] nil host used in call to allowsSpecificHTTPSCertificateForHost
2022-07-21 10:25:01.642 plugin-container[7137:113737] nil host used in call to allowsAnyHTTPSCertificateForHost:
2022-07-21 10:25:01.681 plugin-container[7137:113737] nil host used in call to allowsSpecificHTTPSCertificateForHost
2022-07-21 10:25:01.681 plugin-container[7137:113737] nil host used in call to allowsAnyHTTPSCertificateForHost:
2022-07-21 10:25:01.682 plugin-container[7137:113739] nil host used in call to allowsSpecificHTTPSCertificateForHost
2022-07-21 10:25:01.682 plugin-container[7137:113739] nil host used in call to allowsAnyHTTPSCertificateForHost:
1658370301682	Marionette	INFO	Listening on port 57316
Read port: 57316
1658370301989	RemoteAgent	WARN	TLS certificate errors will be ignored for this session
console.warn: SearchSettings: "get: No settings file exists, new profile?" (new NotFoundError("Could not open the file at /var/folders/dn/g3s1hjws5qngp2zd7mdyhrc00000gp/T/rust_mozprofile1SD89D/search.json.mozlz4", (void 0)))
console.warn: LoginRecipes: "getRecipes: falling back to a synchronous message for:" "https://www.google.com"
1658370361946	geckodriver	INFO	Listening on 127.0.0.1:57456
1658370361960	mozrunner::runner	INFO	Running command: "/Applications/Firefox.app/Contents/MacOS/firefox-bin" "--marionette" "-foreground" "-no-remote" "-profile" "/var/folders/dn/g3s1hjws5qngp2zd7mdyhrc00000gp/T/rust_mozprofile2dLHNB"
1658370362401	Marionette	INFO	Stopped listening on port 57316
JavaScript error: chrome://remote/content/marionette/cert.js, line 55: NS_ERROR_NOT_AVAILABLE: Component returned failure code: 0x80040111 (NS_ERROR_NOT_AVAILABLE) [nsICertOverrideService.setDisableAllSecurityChecksAndLetAttackersInterceptMyData]
2022-07-21 10:26:02.602 plugin-container[7150:114821] nil host used in call to allowsSpecificHTTPSCertificateForHost
2022-07-21 10:26:02.603 plugin-container[7150:114821] nil host used in call to allowsAnyHTTPSCertificateForHost:
1658370362607	Marionette	INFO	Marionette enabled
2022-07-21 10:26:02.609 plugin-container[7150:114821] nil host used in call to allowsSpecificHTTPSCertificateForHost
2022-07-21 10:26:02.609 plugin-container[7150:114821] nil host used in call to allowsAnyHTTPSCertificateForHost:
2022-07-21 10:26:02.610 plugin-container[7150:114823] nil host used in call to allowsSpecificHTTPSCertificateForHost
2022-07-21 10:26:02.610 plugin-container[7150:114823] nil host used in call to allowsAnyHTTPSCertificateForHost:
1658370362656	Marionette	INFO	Listening on port 57463
Read port: 57463
1658370363007	RemoteAgent	WARN	TLS certificate errors will be ignored for this session
console.warn: SearchSettings: "get: No settings file exists, new profile?" (new NotFoundError("Could not open the file at /var/folders/dn/g3s1hjws5qngp2zd7mdyhrc00000gp/T/rust_mozprofile2dLHNB/search.json.mozlz4", (void 0)))
console.warn: LoginRecipes: "getRecipes: falling back to a synchronous message for:" "https://www.google.com"
1658371468775	geckodriver	INFO	Listening on 127.0.0.1:58452
1658371468788	mozrunner::runner	INFO	Running command: "/Applications/Firefox.app/Contents/MacOS/firefox-bin" "--marionette" "-foreground" "-no-remote" "-profile" "/var/folders/dn/g3s1hjws5qngp2zd7mdyhrc00000gp/T/rust_mozprofileF2sjY4"
2022-07-21 10:44:29.513 plugin-container[7786:127673] nil host used in call to allowsSpecificHTTPSCertificateForHost
2022-07-21 10:44:29.514 plugin-container[7786:127673] nil host used in call to allowsAnyHTTPSCertificateForHost:
1658371469522	Marionette	INFO	Marionette enabled
1658371469565	Marionette	INFO	Listening on port 58457
2022-07-21 10:44:29.572 plugin-container[7786:127673] nil host used in call to allowsSpecificHTTPSCertificateForHost
2022-07-21 10:44:29.572 plugin-container[7786:127673] nil host used in call to allowsAnyHTTPSCertificateForHost:
2022-07-21 10:44:29.573 plugin-container[7786:127700] nil host used in call to allowsSpecificHTTPSCertificateForHost
2022-07-21 10:44:29.573 plugin-container[7786:127700] nil host used in call to allowsAnyHTTPSCertificateForHost:
Read port: 58457
1658371469944	RemoteAgent	WARN	TLS certificate errors will be ignored for this session
console.warn: SearchSettings: "get: No settings file exists, new profile?" (new NotFoundError("Could not open the file at /var/folders/dn/g3s1hjws5qngp2zd7mdyhrc00000gp/T/rust_mozprofileF2sjY4/search.json.mozlz4", (void 0)))
1658371571246	geckodriver	INFO	Listening on 127.0.0.1:58597
1658371571258	mozrunner::runner	INFO	Running command: "/Applications/Firefox.app/Contents/MacOS/firefox-bin" "--marionette" "-foreground" "-no-remote" "-profile" "/var/folders/dn/g3s1hjws5qngp2zd7mdyhrc00000gp/T/rust_mozprofileMEJP5k"
2022-07-21 10:46:11.962 plugin-container[7806:129136] nil host used in call to allowsSpecificHTTPSCertificateForHost
2022-07-21 10:46:11.962 plugin-container[7806:129136] nil host used in call to allowsAnyHTTPSCertificateForHost:
1658371571969	Marionette	INFO	Marionette enabled
2022-07-21 10:46:11.969 plugin-container[7806:129136] nil host used in call to allowsSpecificHTTPSCertificateForHost
2022-07-21 10:46:11.969 plugin-container[7806:129136] nil host used in call to allowsAnyHTTPSCertificateForHost:
2022-07-21 10:46:11.970 plugin-container[7806:129159] nil host used in call to allowsSpecificHTTPSCertificateForHost
2022-07-21 10:46:11.970 plugin-container[7806:129159] nil host used in call to allowsAnyHTTPSCertificateForHost:
1658371572009	Marionette	INFO	Listening on port 58602
Read port: 58602
1658371572351	RemoteAgent	WARN	TLS certificate errors will be ignored for this session
console.warn: SearchSettings: "get: No settings file exists, new profile?" (new NotFoundError("Could not open the file at /var/folders/dn/g3s1hjws5qngp2zd7mdyhrc00000gp/T/rust_mozprofileMEJP5k/search.json.mozlz4", (void 0)))
1658371969031	geckodriver	INFO	Listening on 127.0.0.1:58949
1658371969049	mozrunner::runner	INFO	Running command: "/Applications/Firefox.app/Contents/MacOS/firefox-bin" "--marionette" "-foreground" "-no-remote" "-profile" "/var/folders/dn/g3s1hjws5qngp2zd7mdyhrc00000gp/T/rust_mozprofilevgn9iZ"
1658371969619	Marionette	INFO	Marionette enabled
2022-07-21 10:52:49.622 plugin-container[8343:136036] nil host used in call to allowsSpecificHTTPSCertificateForHost
2022-07-21 10:52:49.623 plugin-container[8343:136036] nil host used in call to allowsAnyHTTPSCertificateForHost:
1658371969662	Marionette	INFO	Listening on port 58974
2022-07-21 10:52:49.670 plugin-container[8343:136036] nil host used in call to allowsSpecificHTTPSCertificateForHost
2022-07-21 10:52:49.670 plugin-container[8343:136036] nil host used in call to allowsAnyHTTPSCertificateForHost:
2022-07-21 10:52:49.670 plugin-container[8343:136066] nil host used in call to allowsSpecificHTTPSCertificateForHost
2022-07-21 10:52:49.670 plugin-container[8343:136066] nil host used in call to allowsAnyHTTPSCertificateForHost:
Read port: 58974
1658371970129	RemoteAgent	WARN	TLS certificate errors will be ignored for this session
console.warn: SearchSettings: "get: No settings file exists, new profile?" (new NotFoundError("Could not open the file at /var/folders/dn/g3s1hjws5qngp2zd7mdyhrc00000gp/T/rust_mozprofilevgn9iZ/search.json.mozlz4", (void 0)))
console.warn: LoginRecipes: "getRecipes: falling back to a synchronous message for:" "https://www.google.com"
1658372184083	geckodriver	INFO	Listening on 127.0.0.1:59223
1658372185111	mozrunner::runner	INFO	Running command: "/Applications/Firefox.app/Contents/MacOS/firefox-bin" "--marionette" "-foreground" "-no-remote" "-profile" "/var/folders/dn/g3s1hjws5qngp2zd7mdyhrc00000gp/T/rust_mozprofilecZ1KfT"
1658372185580	Marionette	INFO	Marionette enabled
2022-07-21 10:56:25.580 plugin-container[8444:140418] nil host used in call to allowsSpecificHTTPSCertificateForHost
2022-07-21 10:56:25.581 plugin-container[8444:140418] nil host used in call to allowsAnyHTTPSCertificateForHost:
2022-07-21 10:56:25.637 plugin-container[8444:140418] nil host used in call to allowsSpecificHTTPSCertificateForHost
2022-07-21 10:56:25.637 plugin-container[8444:140418] nil host used in call to allowsAnyHTTPSCertificateForHost:
2022-07-21 10:56:25.637 plugin-container[8444:140423] nil host used in call to allowsSpecificHTTPSCertificateForHost
2022-07-21 10:56:25.637 plugin-container[8444:140423] nil host used in call to allowsAnyHTTPSCertificateForHost:
1658372185673	Marionette	INFO	Listening on port 59231
Read port: 59231
1658372186048	RemoteAgent	WARN	TLS certificate errors will be ignored for this session
console.warn: SearchSettings: "get: No settings file exists, new profile?" (new NotFoundError("Could not open the file at /var/folders/dn/g3s1hjws5qngp2zd7mdyhrc00000gp/T/rust_mozprofilecZ1KfT/search.json.mozlz4", (void 0)))
console.warn: LoginRecipes: "getRecipes: falling back to a synchronous message for:" "https://www.google.com"
1658372236185	Marionette	INFO	Stopped listening on port 59231
JavaScript error: chrome://remote/content/marionette/cert.js, line 55: NS_ERROR_NOT_AVAILABLE: Component returned failure code: 0x80040111 (NS_ERROR_NOT_AVAILABLE) [nsICertOverrideService.setDisableAllSecurityChecksAndLetAttackersInterceptMyData]
1658372239161	Marionette	INFO	Stopped listening on port 58974
console.warn: TopSitesFeed: Failed to fetch data from Contile server: NetworkError when attempting to fetch resource.
JavaScript error: chrome://remote/content/marionette/cert.js, line 55: NS_ERROR_NOT_AVAILABLE: Component returned failure code: 0x80040111 (NS_ERROR_NOT_AVAILABLE) [nsICertOverrideService.setDisableAllSecurityChecksAndLetAttackersInterceptMyData]
1658372241041	Marionette	INFO	Stopped listening on port 58602
1658372242603	Marionette	INFO	Stopped listening on port 58457
1658372244421	Marionette	INFO	Stopped listening on port 57463
JavaScript error: chrome://remote/content/marionette/cert.js, line 55: NS_ERROR_NOT_AVAILABLE: Component returned failure code: 0x80040111 (NS_ERROR_NOT_AVAILABLE) [nsICertOverrideService.setDisableAllSecurityChecksAndLetAttackersInterceptMyData]
1658372251837	geckodriver	INFO	Listening on 127.0.0.1:59385
1658372251862	mozrunner::runner	INFO	Running command: "/Applications/Firefox.app/Contents/MacOS/firefox-bin" "--marionette" "-foreground" "-no-remote" "-profile" "/var/folders/dn/g3s1hjws5qngp2zd7mdyhrc00000gp/T/rust_mozprofileWYl73C"
2022-07-21 10:57:32.282 plugin-container[8476:142124] nil host used in call to allowsSpecificHTTPSCertificateForHost
2022-07-21 10:57:32.284 plugin-container[8476:142124] nil host used in call to allowsAnyHTTPSCertificateForHost:
1658372252289	Marionette	INFO	Marionette enabled
2022-07-21 10:57:32.289 plugin-container[8476:142124] nil host used in call to allowsSpecificHTTPSCertificateForHost
2022-07-21 10:57:32.289 plugin-container[8476:142124] nil host used in call to allowsAnyHTTPSCertificateForHost:
2022-07-21 10:57:32.306 plugin-container[8476:142122] nil host used in call to allowsSpecificHTTPSCertificateForHost
2022-07-21 10:57:32.306 plugin-container[8476:142122] nil host used in call to allowsAnyHTTPSCertificateForHost:
1658372252347	Marionette	INFO	Listening on port 59390
Read port: 59390
1658372252764	RemoteAgent	WARN	TLS certificate errors will be ignored for this session
console.warn: SearchSettings: "get: No settings file exists, new profile?" (new NotFoundError("Could not open the file at /var/folders/dn/g3s1hjws5qngp2zd7mdyhrc00000gp/T/rust_mozprofileWYl73C/search.json.mozlz4", (void 0)))
console.warn: LoginRecipes: "getRecipes: falling back to a synchronous message for:" "https://www.google.com"
1658372277074	Marionette	INFO	Stopped listening on port 59390
1658372747476	geckodriver	INFO	Listening on 127.0.0.1:59772
1658372748502	mozrunner::runner	INFO	Running command: "/Applications/Firefox.app/Contents/MacOS/firefox-bin" "--marionette" "-foreground" "-no-remote" "-profile" "/var/folders/dn/g3s1hjws5qngp2zd7mdyhrc00000gp/T/rust_mozprofile88kSTB"
1658372749236	Marionette	INFO	Marionette enabled
2022-07-21 11:05:49.237 plugin-container[8648:147998] nil host used in call to allowsSpecificHTTPSCertificateForHost
2022-07-21 11:05:49.238 plugin-container[8648:147998] nil host used in call to allowsAnyHTTPSCertificateForHost:
2022-07-21 11:05:49.270 plugin-container[8648:147998] nil host used in call to allowsSpecificHTTPSCertificateForHost
2022-07-21 11:05:49.270 plugin-container[8648:147998] nil host used in call to allowsAnyHTTPSCertificateForHost:
2022-07-21 11:05:49.271 plugin-container[8648:148024] nil host used in call to allowsSpecificHTTPSCertificateForHost
2022-07-21 11:05:49.271 plugin-container[8648:148024] nil host used in call to allowsAnyHTTPSCertificateForHost:
1658372749302	Marionette	INFO	Listening on port 59779
Read port: 59779
1658372749606	RemoteAgent	WARN	TLS certificate errors will be ignored for this session
console.warn: SearchSettings: "get: No settings file exists, new profile?" (new NotFoundError("Could not open the file at /var/folders/dn/g3s1hjws5qngp2zd7mdyhrc00000gp/T/rust_mozprofile88kSTB/search.json.mozlz4", (void 0)))
console.warn: LoginRecipes: "getRecipes: falling back to a synchronous message for:" "https://www.google.com"
1658372778599	Marionette	INFO	Stopped listening on port 59779
1658372815375	geckodriver	INFO	Listening on 127.0.0.1:59937
1658372816383	mozrunner::runner	INFO	Running command: "/Applications/Firefox.app/Contents/MacOS/firefox-bin" "--marionette" "-foreground" "-no-remote" "-profile" "/var/folders/dn/g3s1hjws5qngp2zd7mdyhrc00000gp/T/rust_mozprofileeBw8pT"
1658372816834	Marionette	INFO	Marionette enabled
2022-07-21 11:06:56.836 plugin-container[8672:149216] nil host used in call to allowsSpecificHTTPSCertificateForHost
2022-07-21 11:06:56.837 plugin-container[8672:149216] nil host used in call to allowsAnyHTTPSCertificateForHost:
2022-07-21 11:06:56.843 plugin-container[8672:149216] nil host used in call to allowsSpecificHTTPSCertificateForHost
2022-07-21 11:06:56.843 plugin-container[8672:149216] nil host used in call to allowsAnyHTTPSCertificateForHost:
2022-07-21 11:06:56.844 plugin-container[8672:149242] nil host used in call to allowsSpecificHTTPSCertificateForHost
2022-07-21 11:06:56.844 plugin-container[8672:149242] nil host used in call to allowsAnyHTTPSCertificateForHost:
1658372816895	Marionette	INFO	Listening on port 59946
Read port: 59946
1658372817271	RemoteAgent	WARN	TLS certificate errors will be ignored for this session
console.warn: SearchSettings: "get: No settings file exists, new profile?" (new NotFoundError("Could not open the file at /var/folders/dn/g3s1hjws5qngp2zd7mdyhrc00000gp/T/rust_mozprofileeBw8pT/search.json.mozlz4", (void 0)))
console.warn: LoginRecipes: "getRecipes: falling back to a synchronous message for:" "https://www.google.com"
1658372842066	Marionette	INFO	Stopped listening on port 59946
1658372877239	geckodriver	INFO	Listening on 127.0.0.1:60074
1658372877253	mozrunner::runner	INFO	Running command: "/Applications/Firefox.app/Contents/MacOS/firefox-bin" "--marionette" "-foreground" "-no-remote" "-profile" "/var/folders/dn/g3s1hjws5qngp2zd7mdyhrc00000gp/T/rust_mozprofileSLHgXo"
1658372877867	Marionette	INFO	Marionette enabled
2022-07-21 11:07:57.879 plugin-container[8693:150243] nil host used in call to allowsSpecificHTTPSCertificateForHost
2022-07-21 11:07:57.880 plugin-container[8693:150243] nil host used in call to allowsAnyHTTPSCertificateForHost:
2022-07-21 11:07:57.921 plugin-container[8693:150243] nil host used in call to allowsSpecificHTTPSCertificateForHost
2022-07-21 11:07:57.921 plugin-container[8693:150243] nil host used in call to allowsAnyHTTPSCertificateForHost:
2022-07-21 11:07:57.921 plugin-container[8693:150241] nil host used in call to allowsSpecificHTTPSCertificateForHost
2022-07-21 11:07:57.921 plugin-container[8693:150241] nil host used in call to allowsAnyHTTPSCertificateForHost:
1658372877922	Marionette	INFO	Listening on port 60079
Read port: 60079
1658372878245	RemoteAgent	WARN	TLS certificate errors will be ignored for this session
console.warn: SearchSettings: "get: No settings file exists, new profile?" (new NotFoundError("Could not open the file at /var/folders/dn/g3s1hjws5qngp2zd7mdyhrc00000gp/T/rust_mozprofileSLHgXo/search.json.mozlz4", (void 0)))
console.warn: LoginRecipes: "getRecipes: falling back to a synchronous message for:" "https://www.google.com"
1658372902116	Marionette	INFO	Stopped listening on port 60079
1658372950075	geckodriver	INFO	Listening on 127.0.0.1:60227
1658372950087	mozrunner::runner	INFO	Running command: "/Applications/Firefox.app/Contents/MacOS/firefox-bin" "--marionette" "-foreground" "-no-remote" "-profile" "/var/folders/dn/g3s1hjws5qngp2zd7mdyhrc00000gp/T/rust_mozprofileb3rM0C"
2022-07-21 11:09:10.646 plugin-container[8731:151693] nil host used in call to allowsSpecificHTTPSCertificateForHost
2022-07-21 11:09:10.647 plugin-container[8731:151693] nil host used in call to allowsAnyHTTPSCertificateForHost:
2022-07-21 11:09:10.652 plugin-container[8731:151693] nil host used in call to allowsSpecificHTTPSCertificateForHost
2022-07-21 11:09:10.652 plugin-container[8731:151693] nil host used in call to allowsAnyHTTPSCertificateForHost:
2022-07-21 11:09:10.652 plugin-container[8731:151698] nil host used in call to allowsSpecificHTTPSCertificateForHost
2022-07-21 11:09:10.652 plugin-container[8731:151698] nil host used in call to allowsAnyHTTPSCertificateForHost:
1658372950657	Marionette	INFO	Marionette enabled
1658372950703	Marionette	INFO	Listening on port 60232
Read port: 60232
1658372951016	RemoteAgent	WARN	TLS certificate errors will be ignored for this session
console.warn: SearchSettings: "get: No settings file exists, new profile?" (new NotFoundError("Could not open the file at /var/folders/dn/g3s1hjws5qngp2zd7mdyhrc00000gp/T/rust_mozprofileb3rM0C/search.json.mozlz4", (void 0)))
console.warn: LoginRecipes: "getRecipes: falling back to a synchronous message for:" "https://www.google.com"
1658372976844	Marionette	INFO	Stopped listening on port 60232
